2026-01-20 15:36:57 | Starting a Gradle Daemon (subsequent builds will be faster)
2026-01-20 15:37:04 | 
2026-01-20 15:37:04 | > Configure project :
2026-01-20 15:37:04 | The 'sonarqube' task depends on compile tasks. This behavior is now deprecated and will be removed in version 5.x. To avoid implicit compilation, set property 'sonar.gradle.skipCompile' to 'true' and make sure your project is compiled, before analysis has started.
2026-01-20 15:37:04 | The 'sonar' task depends on compile tasks. This behavior is now deprecated and will be removed in version 5.x. To avoid implicit compilation, set property 'sonar.gradle.skipCompile' to 'true' and make sure your project is compiled, before analysis has started.
2026-01-20 15:37:08 | 
2026-01-20 15:37:08 | > Task :bootBuildInfo UP-TO-DATE
2026-01-20 15:37:10 | > Task :nodeSetup UP-TO-DATE
2026-01-20 15:37:31 | > Task :fixedNode
2026-01-20 15:37:32 | > Task :npmSetup UP-TO-DATE
2026-01-20 15:37:55 | > Task :npmInstall UP-TO-DATE
2026-01-20 15:37:59 | > Task :fixedNpm
2026-01-20 15:37:59 | > Task :webapp UP-TO-DATE
2026-01-20 15:37:59 | > Task :processResources UP-TO-DATE
2026-01-20 15:38:00 | > Task :compileJava UP-TO-DATE
2026-01-20 15:38:01 | > Task :generateGitProperties
2026-01-20 15:38:01 | > Task :classes
2026-01-20 15:38:01 | > Task :resolveMainClassName UP-TO-DATE
2026-01-20 15:38:05 | 
2026-01-20 15:38:05 | > Task :bootRun
2026-01-20 15:38:05 | 
2026-01-20 15:38:05 |   [32m      ██╗[36m ██╗   ██╗ ████████╗ ███████╗   ██████╗ ████████╗ ████████╗ ███████╗
2026-01-20 15:38:05 |   [32m      ██║[36m ██║   ██║ ╚══██╔══╝ ██╔═══██╗ ██╔════╝ ╚══██╔══╝ ██╔═════╝ ██╔═══██╗
2026-01-20 15:38:05 |   [32m      ██║[36m ████████║    ██║    ███████╔╝ ╚█████╗     ██║    ██████╗   ███████╔╝
2026-01-20 15:38:05 |   [32m██╗   ██║[36m ██╔═══██║    ██║    ██╔════╝   ╚═══██╗    ██║    ██╔═══╝   ██╔══██║
2026-01-20 15:38:05 |   [32m╚██████╔╝[36m ██║   ██║ ████████╗ ██║       ██████╔╝    ██║    ████████╗ ██║  ╚██╗
2026-01-20 15:38:05 |   [32m ╚═════╝ [36m ╚═╝   ╚═╝ ╚═══════╝ ╚═╝       ╚═════╝     ╚═╝    ╚═══════╝ ╚═╝   ╚═╝
2026-01-20 15:38:05 | 
2026-01-20 15:38:05 | [94m:: JHipster 🤓  :: Running Spring Boot 3.1.5 :: Startup profile(s) dev ::
2026-01-20 15:38:05 | :: https://www.jhipster.tech ::[39m
2026-01-20 15:38:05 | 
2026-01-20 15:38:05 | [2m2026-01-20T15:38:05.580+07:00[0;39m [32m INFO[0;39m [35m3728[0;39m [2m---[0;39m [2m[  restartedMain][0;39m [36mc.singalarity.ekaasportal.main.MainApp  [0;39m [2m:[0;39m The following 2 profiles are active: "api-docs", "dev" 
2026-01-20 15:38:10 | [2m2026-01-20T15:38:10.544+07:00[0;39m [33m WARN[0;39m [35m3728[0;39m [2m---[0;39m [2m[  restartedMain][0;39m [36mo.s.data.convert.CustomConversions      [0;39m [2m:[0;39m Registering converter from class java.util.BitSet to class java.lang.Boolean as reading converter although it doesn't convert from a store-supported type; You might want to check your annotation setup at the converter implementation 
2026-01-20 15:38:12 | [2m2026-01-20T15:38:12.615+07:00[0;39m [32mDEBUG[0;39m [35m3728[0;39m [2m---[0;39m [2m[  restartedMain][0;39m [36mc.s.e.main.config.AsyncConfiguration    [0;39m [2m:[0;39m Creating Async Task Executor 
2026-01-20 15:38:12 | [2m2026-01-20T15:38:12.731+07:00[0;39m [32mDEBUG[0;39m [35m3728[0;39m [2m---[0;39m [2m[  restartedMain][0;39m [36mc.s.e.m.config.LiquibaseConfiguration   [0;39m [2m:[0;39m Configuring Liquibase 
2026-01-20 15:38:13 | [2m2026-01-20T15:38:13.077+07:00[0;39m [32mDEBUG[0;39m [35m3728[0;39m [2m---[0;39m [2m[  restartedMain][0;39m [36mo.m.jdbc.client.impl.StandardClient     [0;39m [2m:[0;39m execute query: SELECT @@tx_isolation 
2026-01-20 15:38:13 | [2m2026-01-20T15:38:13.140+07:00[0;39m [33m WARN[0;39m [35m3728[0;39m [2m---[0;39m [2m[    main-task-1][0;39m [36mt.j.c.liquibase.AsyncSpringLiquibase    [0;39m [2m:[0;39m Starting Liquibase asynchronously, your database might not be ready at startup! 
2026-01-20 15:38:13 | [2m2026-01-20T15:38:13.196+07:00[0;39m [32mDEBUG[0;39m [35m3728[0;39m [2m---[0;39m [2m[    main-task-1][0;39m [36mo.m.jdbc.client.impl.StandardClient     [0;39m [2m:[0;39m execute query: set autocommit=0 
2026-01-20 15:38:13 | [2m2026-01-20T15:38:13.251+07:00[0;39m [32mDEBUG[0;39m [35m3728[0;39m [2m---[0;39m [2m[    main-task-1][0;39m [36mo.mariadb.jdbc.message.server.OkPacket  [0;39m [2m:[0;39m System variable change:  autocommit = OFF 
2026-01-20 15:38:13 | [2m2026-01-20T15:38:13.264+07:00[0;39m [32mDEBUG[0;39m [35m3728[0;39m [2m---[0;39m [2m[    main-task-1][0;39m [36mo.m.jdbc.client.impl.StandardClient     [0;39m [2m:[0;39m execute query: select @@lower_case_table_names 
2026-01-20 15:38:13 | [2m2026-01-20T15:38:13.469+07:00[0;39m [32mDEBUG[0;39m [35m3728[0;39m [2m---[0;39m [2m[  restartedMain][0;39m [36mc.s.e.main.config.WebConfigurer         [0;39m [2m:[0;39m Registering CORS filter 
2026-01-20 15:38:13 | [2m2026-01-20T15:38:13.679+07:00[0;39m [32mDEBUG[0;39m [35m3728[0;39m [2m---[0;39m [2m[    main-task-1][0;39m [36mo.m.jdbc.client.impl.StandardClient     [0;39m [2m:[0;39m execute query: SELECT TABLE_SCHEMA TABLE_CAT, NULL  TABLE_SCHEM,  TABLE_NAME, IF(TABLE_TYPE='BASE TABLE' or TABLE_TYPE='SYSTEM VERSIONED', 'TABLE', TABLE_TYPE) as TABLE_TYPE, TABLE_COMMENT REMARKS, NULL TYPE_CAT, NULL TYPE_SCHEM, NULL TYPE_NAME, NULL SELF_REFERENCING_COL_NAME,  NULL REF_GENERATION FROM INFORMATION_SCHEMA.TABLES WHERE TABLE_SCHEMA='ekycportaldev' AND TABLE_NAME='DATABASECHANGELOG' AND  TABLE_TYPE IN ('BASE TABLE','SYSTEM VERSIONED') ORDER BY TABLE_TYPE, TABLE_SCHEMA, TABLE_NAME 
2026-01-20 15:38:13 | [2m2026-01-20T15:38:13.739+07:00[0;39m [32mDEBUG[0;39m [35m3728[0;39m [2m---[0;39m [2m[    main-task-1][0;39m [36mo.m.jdbc.client.impl.StandardClient     [0;39m [2m:[0;39m execute query: SELECT TABLE_SCHEMA TABLE_CAT, NULL TABLE_SCHEM, TABLE_NAME, COLUMN_NAME, CASE data_type WHEN 'bit' THEN -7 WHEN 'tinyblob' THEN -3 WHEN 'mediumblob' THEN -4 WHEN 'longblob' THEN -4 WHEN 'blob' THEN -4 WHEN 'tinytext' THEN 12 WHEN 'mediumtext' THEN -1 WHEN 'longtext' THEN -1 WHEN 'text' THEN -1 WHEN 'date' THEN 91 WHEN 'datetime' THEN 93 WHEN 'decimal' THEN 3 WHEN 'double' THEN 8 WHEN 'enum' THEN 12 WHEN 'float' THEN 7 WHEN 'int' THEN IF( COLUMN_TYPE like '%unsigned%', 4,4) WHEN 'bigint' THEN -5 WHEN 'mediumint' THEN 4 WHEN 'null' THEN 0 WHEN 'set' THEN 12 WHEN 'smallint' THEN IF( COLUMN_TYPE like '%unsigned%', 5,5) WHEN 'varchar' THEN 12 WHEN 'varbinary' THEN -3 WHEN 'char' THEN 1 WHEN 'binary' THEN -2 WHEN 'time' THEN 92 WHEN 'timestamp' THEN 93 WHEN 'tinyint' THEN IF(COLUMN_TYPE like 'tinyint(1)%',16,-6)  WHEN 'year' THEN 91 ELSE 1111 END  DATA_TYPE, IF(COLUMN_TYPE like 'tinyint(1)%', 'BOOLEAN',  UCASE(IF( COLUMN_TYPE LIKE '%(%)%', CONCAT(SUBSTRING( COLUMN_TYPE,1, LOCATE('(',COLUMN_TYPE) - 1 ), SUBSTRING(COLUMN_TYPE ,1+locate(')', COLUMN_TYPE))), COLUMN_TYPE))) TYPE_NAME,  CASE DATA_TYPE  WHEN 'date' THEN 10  WHEN 'time' THEN IF(DATETIME_PRECISION = 0, 10, CAST(11 + DATETIME_PRECISION as signed integer))  WHEN 'datetime' THEN IF(DATETIME_PRECISION = 0, 19, CAST(20 + DATETIME_PRECISION as signed integer))  WHEN 'timestamp' THEN IF(DATETIME_PRECISION = 0, 19, CAST(20 + DATETIME_PRECISION as signed integer))  ELSE   IF(NUMERIC_PRECISION IS NULL, LEAST(CHARACTER_MAXIMUM_LENGTH,2147483647), NUMERIC_PRECISION)  END COLUMN_SIZE, 65535 BUFFER_LENGTH,  CONVERT (CASE DATA_TYPE WHEN 'year' THEN NUMERIC_SCALE WHEN 'tinyint' THEN 0 ELSE NUMERIC_SCALE END, UNSIGNED INTEGER) DECIMAL_DIGITS, 10 NUM_PREC_RADIX, IF(IS_NULLABLE = 'yes',1,0) NULLABLE,COLUMN_COMMENT REMARKS, COLUMN_DEFAULT COLUMN_DEF, 0 SQL_DATA_TYPE, 0 SQL_DATETIME_SUB,   LEAST(CHARACTER_OCTET_LENGTH,2147483647) CHAR_OCTET_LENGTH, ORDINAL_POSITION, IS_NULLABLE, NULL SCOPE_CATALOG, NULL SCOPE_SCHEMA, NULL SCOPE_TABLE, NULL SOURCE_DATA_TYPE, IF(EXTRA = 'auto_increment','YES','NO') IS_AUTOINCREMENT,  IF(EXTRA in ('VIRTUAL', 'PERSISTENT', 'VIRTUAL GENERATED', 'STORED GENERATED') ,'YES','NO') IS_GENERATEDCOLUMN  FROM INFORMATION_SCHEMA.COLUMNS WHERE TABLE_SCHEMA='ekycportaldev' AND TABLE_NAME='DATABASECHANGELOG' ORDER BY TABLE_CAT, TABLE_SCHEM, TABLE_NAME, ORDINAL_POSITION 
2026-01-20 15:38:13 | [2m2026-01-20T15:38:13.823+07:00[0;39m [32mDEBUG[0;39m [35m3728[0;39m [2m---[0;39m [2m[    main-task-1][0;39m [36mo.m.jdbc.client.impl.StandardClient     [0;39m [2m:[0;39m execute query: SELECT TABLE_SCHEMA, TABLE_NAME, COLUMN_NAME, DATA_TYPE FROM INFORMATION_SCHEMA.COLUMNS WHERE TABLE_SCHEMA = 'ekycportaldev' AND TABLE_NAME='DATABASECHANGELOG' 
2026-01-20 15:38:14 | [2m2026-01-20T15:38:14.007+07:00[0;39m [32mDEBUG[0;39m [35m3728[0;39m [2m---[0;39m [2m[    main-task-1][0;39m [36mo.m.jdbc.client.impl.StandardClient     [0;39m [2m:[0;39m execute query: SELECT EXTRA FROM INFORMATION_SCHEMA.COLUMNS[31m_[0;39mWHERE TABLE_SCHEMA = 'ekycportaldev'[31m_[0;39mAND TABLE_NAME = 'DATABASECHANGELOG'[31m_[0;39mAND COLUMN_NAME = 'ID' 
2026-01-20 15:38:14 | [2m2026-01-20T15:38:14.066+07:00[0;39m [32mDEBUG[0;39m [35m3728[0;39m [2m---[0;39m [2m[    main-task-1][0;39m [36mo.m.jdbc.client.impl.StandardClient     [0;39m [2m:[0;39m execute query: SELECT EXTRA FROM INFORMATION_SCHEMA.COLUMNS[31m_[0;39mWHERE TABLE_SCHEMA = 'ekycportaldev'[31m_[0;39mAND TABLE_NAME = 'DATABASECHANGELOG'[31m_[0;39mAND COLUMN_NAME = 'AUTHOR' 
2026-01-20 15:38:14 | [2m2026-01-20T15:38:14.120+07:00[0;39m [32mDEBUG[0;39m [35m3728[0;39m [2m---[0;39m [2m[    main-task-1][0;39m [36mo.m.jdbc.client.impl.StandardClient     [0;39m [2m:[0;39m execute query: SELECT EXTRA FROM INFORMATION_SCHEMA.COLUMNS[31m_[0;39mWHERE TABLE_SCHEMA = 'ekycportaldev'[31m_[0;39mAND TABLE_NAME = 'DATABASECHANGELOG'[31m_[0;39mAND COLUMN_NAME = 'FILENAME' 
2026-01-20 15:38:14 | [2m2026-01-20T15:38:14.172+07:00[0;39m [32mDEBUG[0;39m [35m3728[0;39m [2m---[0;39m [2m[    main-task-1][0;39m [36mo.m.jdbc.client.impl.StandardClient     [0;39m [2m:[0;39m execute query: SELECT EXTRA FROM INFORMATION_SCHEMA.COLUMNS[31m_[0;39mWHERE TABLE_SCHEMA = 'ekycportaldev'[31m_[0;39mAND TABLE_NAME = 'DATABASECHANGELOG'[31m_[0;39mAND COLUMN_NAME = 'DATEEXECUTED' 
2026-01-20 15:38:14 | [2m2026-01-20T15:38:14.252+07:00[0;39m [32mDEBUG[0;39m [35m3728[0;39m [2m---[0;39m [2m[    main-task-1][0;39m [36mo.m.jdbc.client.impl.StandardClient     [0;39m [2m:[0;39m execute query: SELECT EXTRA FROM INFORMATION_SCHEMA.COLUMNS[31m_[0;39mWHERE TABLE_SCHEMA = 'ekycportaldev'[31m_[0;39mAND TABLE_NAME = 'DATABASECHANGELOG'[31m_[0;39mAND COLUMN_NAME = 'ORDEREXECUTED' 
2026-01-20 15:38:14 | [2m2026-01-20T15:38:14.305+07:00[0;39m [32mDEBUG[0;39m [35m3728[0;39m [2m---[0;39m [2m[    main-task-1][0;39m [36mo.m.jdbc.client.impl.StandardClient     [0;39m [2m:[0;39m execute query: SELECT EXTRA FROM INFORMATION_SCHEMA.COLUMNS[31m_[0;39mWHERE TABLE_SCHEMA = 'ekycportaldev'[31m_[0;39mAND TABLE_NAME = 'DATABASECHANGELOG'[31m_[0;39mAND COLUMN_NAME = 'EXECTYPE' 
2026-01-20 15:38:14 | [2m2026-01-20T15:38:14.362+07:00[0;39m [32mDEBUG[0;39m [35m3728[0;39m [2m---[0;39m [2m[    main-task-1][0;39m [36mo.m.jdbc.client.impl.StandardClient     [0;39m [2m:[0;39m execute query: SELECT EXTRA FROM INFORMATION_SCHEMA.COLUMNS[31m_[0;39mWHERE TABLE_SCHEMA = 'ekycportaldev'[31m_[0;39mAND TABLE_NAME = 'DATABASECHANGELOG'[31m_[0;39mAND COLUMN_NAME = 'MD5SUM' 
2026-01-20 15:38:14 | [2m2026-01-20T15:38:14.452+07:00[0;39m [32mDEBUG[0;39m [35m3728[0;39m [2m---[0;39m [2m[    main-task-1][0;39m [36mo.m.jdbc.client.impl.StandardClient     [0;39m [2m:[0;39m execute query: SELECT EXTRA FROM INFORMATION_SCHEMA.COLUMNS[31m_[0;39mWHERE TABLE_SCHEMA = 'ekycportaldev'[31m_[0;39mAND TABLE_NAME = 'DATABASECHANGELOG'[31m_[0;39mAND COLUMN_NAME = 'DESCRIPTION' 
2026-01-20 15:38:14 | [2m2026-01-20T15:38:14.507+07:00[0;39m [32mDEBUG[0;39m [35m3728[0;39m [2m---[0;39m [2m[    main-task-1][0;39m [36mo.m.jdbc.client.impl.StandardClient     [0;39m [2m:[0;39m execute query: SELECT EXTRA FROM INFORMATION_SCHEMA.COLUMNS[31m_[0;39mWHERE TABLE_SCHEMA = 'ekycportaldev'[31m_[0;39mAND TABLE_NAME = 'DATABASECHANGELOG'[31m_[0;39mAND COLUMN_NAME = 'COMMENTS' 
2026-01-20 15:38:14 | [2m2026-01-20T15:38:14.562+07:00[0;39m [32mDEBUG[0;39m [35m3728[0;39m [2m---[0;39m [2m[    main-task-1][0;39m [36mo.m.jdbc.client.impl.StandardClient     [0;39m [2m:[0;39m execute query: SELECT EXTRA FROM INFORMATION_SCHEMA.COLUMNS[31m_[0;39mWHERE TABLE_SCHEMA = 'ekycportaldev'[31m_[0;39mAND TABLE_NAME = 'DATABASECHANGELOG'[31m_[0;39mAND COLUMN_NAME = 'TAG' 
2026-01-20 15:38:14 | [2m2026-01-20T15:38:14.616+07:00[0;39m [32mDEBUG[0;39m [35m3728[0;39m [2m---[0;39m [2m[    main-task-1][0;39m [36mo.m.jdbc.client.impl.StandardClient     [0;39m [2m:[0;39m execute query: SELECT EXTRA FROM INFORMATION_SCHEMA.COLUMNS[31m_[0;39mWHERE TABLE_SCHEMA = 'ekycportaldev'[31m_[0;39mAND TABLE_NAME = 'DATABASECHANGELOG'[31m_[0;39mAND COLUMN_NAME = 'LIQUIBASE' 
2026-01-20 15:38:14 | [2m2026-01-20T15:38:14.670+07:00[0;39m [32mDEBUG[0;39m [35m3728[0;39m [2m---[0;39m [2m[    main-task-1][0;39m [36mo.m.jdbc.client.impl.StandardClient     [0;39m [2m:[0;39m execute query: SELECT EXTRA FROM INFORMATION_SCHEMA.COLUMNS[31m_[0;39mWHERE TABLE_SCHEMA = 'ekycportaldev'[31m_[0;39mAND TABLE_NAME = 'DATABASECHANGELOG'[31m_[0;39mAND COLUMN_NAME = 'CONTEXTS' 
2026-01-20 15:38:14 | [2m2026-01-20T15:38:14.729+07:00[0;39m [32mDEBUG[0;39m [35m3728[0;39m [2m---[0;39m [2m[    main-task-1][0;39m [36mo.m.jdbc.client.impl.StandardClient     [0;39m [2m:[0;39m execute query: SELECT EXTRA FROM INFORMATION_SCHEMA.COLUMNS[31m_[0;39mWHERE TABLE_SCHEMA = 'ekycportaldev'[31m_[0;39mAND TABLE_NAME = 'DATABASECHANGELOG'[31m_[0;39mAND COLUMN_NAME = 'LABELS' 
2026-01-20 15:38:14 | [2m2026-01-20T15:38:14.928+07:00[0;39m [32mDEBUG[0;39m [35m3728[0;39m [2m---[0;39m [2m[    main-task-1][0;39m [36mo.m.jdbc.client.impl.StandardClient     [0;39m [2m:[0;39m execute query: SELECT EXTRA FROM INFORMATION_SCHEMA.COLUMNS[31m_[0;39mWHERE TABLE_SCHEMA = 'ekycportaldev'[31m_[0;39mAND TABLE_NAME = 'DATABASECHANGELOG'[31m_[0;39mAND COLUMN_NAME = 'DEPLOYMENT_ID' 
2026-01-20 15:38:15 | [2m2026-01-20T15:38:15.027+07:00[0;39m [32mDEBUG[0;39m [35m3728[0;39m [2m---[0;39m [2m[    main-task-1][0;39m [36mo.m.jdbc.client.impl.StandardClient     [0;39m [2m:[0;39m execute query: SELECT MD5SUM FROM ekycportaldev.DATABASECHANGELOG WHERE MD5SUM IS NOT NULL 
2026-01-20 15:38:15 | [2m2026-01-20T15:38:15.189+07:00[0;39m [32mDEBUG[0;39m [35m3728[0;39m [2m---[0;39m [2m[    main-task-1][0;39m [36mo.m.jdbc.client.impl.StandardClient     [0;39m [2m:[0;39m execute query: SELECT COUNT(*) FROM ekycportaldev.DATABASECHANGELOG 
2026-01-20 15:38:15 | [2m2026-01-20T15:38:15.258+07:00[0;39m [32mDEBUG[0;39m [35m3728[0;39m [2m---[0;39m [2m[    main-task-1][0;39m [36mo.m.jdbc.client.impl.StandardClient     [0;39m [2m:[0;39m execute query: SELECT * FROM ekycportaldev.DATABASECHANGELOG ORDER BY DATEEXECUTED ASC, ORDEREXECUTED ASC 
2026-01-20 15:38:15 | [2m2026-01-20T15:38:15.311+07:00[0;39m [32mDEBUG[0;39m [35m3728[0;39m [2m---[0;39m [2m[    main-task-1][0;39m [36mo.m.jdbc.client.impl.StandardClient     [0;39m [2m:[0;39m execute query: COMMIT 
2026-01-20 15:38:15 | [2m2026-01-20T15:38:15.369+07:00[0;39m [32mDEBUG[0;39m [35m3728[0;39m [2m---[0;39m [2m[    main-task-1][0;39m [36mo.m.jdbc.client.impl.StandardClient     [0;39m [2m:[0;39m execute query: SELECT COUNT(*) FROM ekycportaldev.DATABASECHANGELOGLOCK 
2026-01-20 15:38:15 | [2m2026-01-20T15:38:15.402+07:00[0;39m [32mDEBUG[0;39m [35m3728[0;39m [2m---[0;39m [2m[  restartedMain][0;39m [36mi.m.c.u.i.logging.InternalLoggerFactory [0;39m [2m:[0;39m Using SLF4J as the default logging framework 
2026-01-20 15:38:15 | [2m2026-01-20T15:38:15.423+07:00[0;39m [32mDEBUG[0;39m [35m3728[0;39m [2m---[0;39m [2m[    main-task-1][0;39m [36mo.m.jdbc.client.impl.StandardClient     [0;39m [2m:[0;39m execute query: SELECT COUNT(*) FROM ekycportaldev.DATABASECHANGELOGLOCK 
2026-01-20 15:38:15 | [2m2026-01-20T15:38:15.483+07:00[0;39m [32mDEBUG[0;39m [35m3728[0;39m [2m---[0;39m [2m[    main-task-1][0;39m [36mo.m.jdbc.client.impl.StandardClient     [0;39m [2m:[0;39m execute query: ROLLBACK 
2026-01-20 15:38:15 | Database is up to date, no changesets to execute
2026-01-20 15:38:15 | [2m2026-01-20T15:38:15.565+07:00[0;39m [32mDEBUG[0;39m [35m3728[0;39m [2m---[0;39m [2m[    main-task-1][0;39m [36mo.m.jdbc.client.impl.StandardClient     [0;39m [2m:[0;39m execute query: SELECT COUNT(*) FROM ekycportaldev.DATABASECHANGELOG 
2026-01-20 15:38:15 | [2m2026-01-20T15:38:15.619+07:00[0;39m [32mDEBUG[0;39m [35m3728[0;39m [2m---[0;39m [2m[    main-task-1][0;39m [36mo.m.jdbc.client.impl.StandardClient     [0;39m [2m:[0;39m execute query: SELECT * FROM ekycportaldev.DATABASECHANGELOG ORDER BY DATEEXECUTED ASC, ORDEREXECUTED ASC 
2026-01-20 15:38:15 | [2m2026-01-20T15:38:15.681+07:00[0;39m [32mDEBUG[0;39m [35m3728[0;39m [2m---[0;39m [2m[    main-task-1][0;39m [36mo.m.jdbc.client.impl.StandardClient     [0;39m [2m:[0;39m execute query: ROLLBACK 
2026-01-20 15:38:15 | [2m2026-01-20T15:38:15.760+07:00[0;39m [32mDEBUG[0;39m [35m3728[0;39m [2m---[0;39m [2m[    main-task-1][0;39m [36mo.m.jdbc.client.impl.StandardClient     [0;39m [2m:[0;39m execute query: UPDATE ekycportaldev.DATABASECHANGELOGLOCK SET `LOCKED` = 0, LOCKEDBY = NULL, LOCKGRANTED = NULL WHERE ID = 1 
2026-01-20 15:38:15 | [2m2026-01-20T15:38:15.814+07:00[0;39m [32mDEBUG[0;39m [35m3728[0;39m [2m---[0;39m [2m[    main-task-1][0;39m [36mo.m.jdbc.client.impl.StandardClient     [0;39m [2m:[0;39m execute query: COMMIT 
2026-01-20 15:38:15 | [2m2026-01-20T15:38:15.870+07:00[0;39m [32mDEBUG[0;39m [35m3728[0;39m [2m---[0;39m [2m[    main-task-1][0;39m [36mo.m.jdbc.client.impl.StandardClient     [0;39m [2m:[0;39m execute query: set autocommit=1 
2026-01-20 15:38:15 | [2m2026-01-20T15:38:15.876+07:00[0;39m [32mDEBUG[0;39m [35m3728[0;39m [2m---[0;39m [2m[  restartedMain][0;39m [36mc.a.JHipsterSpringDocGroupsConfiguration[0;39m [2m:[0;39m Initializing JHipster OpenApi customizer 
2026-01-20 15:38:15 | [2m2026-01-20T15:38:15.900+07:00[0;39m [32mDEBUG[0;39m [35m3728[0;39m [2m---[0;39m [2m[  restartedMain][0;39m [36mc.a.JHipsterSpringDocGroupsConfiguration[0;39m [2m:[0;39m Initializing JHipster OpenApi default group 
2026-01-20 15:38:15 | [2m2026-01-20T15:38:15.909+07:00[0;39m [32mDEBUG[0;39m [35m3728[0;39m [2m---[0;39m [2m[  restartedMain][0;39m [36mc.a.JHipsterSpringDocGroupsConfiguration[0;39m [2m:[0;39m Initializing JHipster OpenApi management group 
2026-01-20 15:38:15 | [2m2026-01-20T15:38:15.922+07:00[0;39m [32mDEBUG[0;39m [35m3728[0;39m [2m---[0;39m [2m[    main-task-1][0;39m [36mo.mariadb.jdbc.message.server.OkPacket  [0;39m [2m:[0;39m System variable change:  autocommit = ON 
2026-01-20 15:38:15 | [2m2026-01-20T15:38:15.923+07:00[0;39m [32mDEBUG[0;39m [35m3728[0;39m [2m---[0;39m [2m[    main-task-1][0;39m [36mt.j.c.liquibase.AsyncSpringLiquibase    [0;39m [2m:[0;39m Liquibase has updated your database in 2781 ms 
2026-01-20 15:38:17 | [2m2026-01-20T15:38:17.563+07:00[0;39m [32m INFO[0;39m [35m3728[0;39m [2m---[0;39m [2m[  restartedMain][0;39m [36mc.singalarity.ekaasportal.main.MainApp  [0;39m [2m:[0;39m Started MainApp in 14.267 seconds (process running for 15.547) 
2026-01-20 15:38:17 | [2m2026-01-20T15:38:17.570+07:00[0;39m [32m INFO[0;39m [35m3728[0;39m [2m---[0;39m [2m[  restartedMain][0;39m [36mc.singalarity.ekaasportal.main.MainApp  [0;39m [2m:[0;39m 
2026-01-20 15:38:17 | ----------------------------------------------------------
2026-01-20 15:38:17 | 	Application 'main' is running! Access URLs:
2026-01-20 15:38:17 | 	Local: 		http://localhost:28080/
2026-01-20 15:38:17 | 	External: 	http://192.168.1.89:28080/
2026-01-20 15:38:17 | 	Profile(s): 	[api-docs, dev]
2026-01-20 15:38:17 | ---------------------------------------------------------- 
2026-01-20 15:38:17 | [2m2026-01-20T15:38:17.571+07:00[0;39m [32m INFO[0;39m [35m3728[0;39m [2m---[0;39m [2m[  restartedMain][0;39m [36mc.singalarity.ekaasportal.main.MainApp  [0;39m [2m:[0;39m 
2026-01-20 15:38:17 | ----------------------------------------------------------
2026-01-20 15:38:17 | 	Config Server: 	Not found or not setup for this application
2026-01-20 15:38:17 | ---------------------------------------------------------- 
2026-01-20 15:38:23 | [2m2026-01-20T15:38:23.888+07:00[0;39m [32mDEBUG[0;39m [35m3728[0;39m [2m---[0;39m [2m[actor-tcp-nio-2][0;39m [36mo.mariadb.r2dbc.message.server.OkPacket [0;39m [2m:[0;39m System variable change :  autocommit = ON 
2026-01-20 15:38:23 | [2m2026-01-20T15:38:23.889+07:00[0;39m [32mDEBUG[0;39m [35m3728[0;39m [2m---[0;39m [2m[actor-tcp-nio-2][0;39m [36mo.m.r.message.flow.AuthenticationFlow   [0;39m [2m:[0;39m Authentication success 
2026-01-20 15:38:24 | [2m2026-01-20T15:38:24.325+07:00[0;39m [32mDEBUG[0;39m [35m3728[0;39m [2m---[0;39m [2m[actor-tcp-nio-3][0;39m [36mo.mariadb.r2dbc.message.server.OkPacket [0;39m [2m:[0;39m System variable change :  autocommit = ON 
2026-01-20 15:38:24 | [2m2026-01-20T15:38:24.326+07:00[0;39m [32mDEBUG[0;39m [35m3728[0;39m [2m---[0;39m [2m[actor-tcp-nio-3][0;39m [36mo.m.r.message.flow.AuthenticationFlow   [0;39m [2m:[0;39m Authentication success 
2026-01-20 15:38:24 | [2m2026-01-20T15:38:24.562+07:00[0;39m [32mDEBUG[0;39m [35m3728[0;39m [2m---[0;39m [2m[actor-tcp-nio-4][0;39m [36mo.mariadb.r2dbc.message.server.OkPacket [0;39m [2m:[0;39m System variable change :  autocommit = ON 
2026-01-20 15:38:24 | [2m2026-01-20T15:38:24.563+07:00[0;39m [32mDEBUG[0;39m [35m3728[0;39m [2m---[0;39m [2m[actor-tcp-nio-4][0;39m [36mo.m.r.message.flow.AuthenticationFlow   [0;39m [2m:[0;39m Authentication success 
2026-01-20 15:38:24 | [2m2026-01-20T15:38:24.865+07:00[0;39m [32mDEBUG[0;39m [35m3728[0;39m [2m---[0;39m [2m[actor-tcp-nio-5][0;39m [36mo.mariadb.r2dbc.message.server.OkPacket [0;39m [2m:[0;39m System variable change :  autocommit = ON 
2026-01-20 15:38:24 | [2m2026-01-20T15:38:24.865+07:00[0;39m [32mDEBUG[0;39m [35m3728[0;39m [2m---[0;39m [2m[actor-tcp-nio-5][0;39m [36mo.m.r.message.flow.AuthenticationFlow   [0;39m [2m:[0;39m Authentication success 
2026-01-20 15:38:25 | [2m2026-01-20T15:38:25.128+07:00[0;39m [32mDEBUG[0;39m [35m3728[0;39m [2m---[0;39m [2m[actor-tcp-nio-6][0;39m [36mo.mariadb.r2dbc.message.server.OkPacket [0;39m [2m:[0;39m System variable change :  autocommit = ON 
2026-01-20 15:38:25 | [2m2026-01-20T15:38:25.129+07:00[0;39m [32mDEBUG[0;39m [35m3728[0;39m [2m---[0;39m [2m[actor-tcp-nio-6][0;39m [36mo.m.r.message.flow.AuthenticationFlow   [0;39m [2m:[0;39m Authentication success 
2026-01-20 15:38:25 | [2m2026-01-20T15:38:25.512+07:00[0;39m [32mDEBUG[0;39m [35m3728[0;39m [2m---[0;39m [2m[actor-tcp-nio-7][0;39m [36mo.mariadb.r2dbc.message.server.OkPacket [0;39m [2m:[0;39m System variable change :  autocommit = ON 
2026-01-20 15:38:25 | [2m2026-01-20T15:38:25.513+07:00[0;39m [32mDEBUG[0;39m [35m3728[0;39m [2m---[0;39m [2m[actor-tcp-nio-7][0;39m [36mo.m.r.message.flow.AuthenticationFlow   [0;39m [2m:[0;39m Authentication success 
2026-01-20 15:38:25 | [2m2026-01-20T15:38:25.757+07:00[0;39m [32mDEBUG[0;39m [35m3728[0;39m [2m---[0;39m [2m[actor-tcp-nio-8][0;39m [36mo.mariadb.r2dbc.message.server.OkPacket [0;39m [2m:[0;39m System variable change :  autocommit = ON 
2026-01-20 15:38:25 | [2m2026-01-20T15:38:25.757+07:00[0;39m [32mDEBUG[0;39m [35m3728[0;39m [2m---[0;39m [2m[actor-tcp-nio-8][0;39m [36mo.m.r.message.flow.AuthenticationFlow   [0;39m [2m:[0;39m Authentication success 
2026-01-20 15:38:26 | [2m2026-01-20T15:38:25.977+07:00[0;39m [32mDEBUG[0;39m [35m3728[0;39m [2m---[0;39m [2m[actor-tcp-nio-9][0;39m [36mo.mariadb.r2dbc.message.server.OkPacket [0;39m [2m:[0;39m System variable change :  autocommit = ON 
2026-01-20 15:38:26 | [2m2026-01-20T15:38:25.978+07:00[0;39m [32mDEBUG[0;39m [35m3728[0;39m [2m---[0;39m [2m[actor-tcp-nio-9][0;39m [36mo.m.r.message.flow.AuthenticationFlow   [0;39m [2m:[0;39m Authentication success 
2026-01-20 15:38:26 | [2m2026-01-20T15:38:26.211+07:00[0;39m [32mDEBUG[0;39m [35m3728[0;39m [2m---[0;39m [2m[ctor-tcp-nio-10][0;39m [36mo.mariadb.r2dbc.message.server.OkPacket [0;39m [2m:[0;39m System variable change :  autocommit = ON 
2026-01-20 15:38:26 | [2m2026-01-20T15:38:26.212+07:00[0;39m [32mDEBUG[0;39m [35m3728[0;39m [2m---[0;39m [2m[ctor-tcp-nio-10][0;39m [36mo.m.r.message.flow.AuthenticationFlow   [0;39m [2m:[0;39m Authentication success 
2026-01-20 15:38:26 | [2m2026-01-20T15:38:26.451+07:00[0;39m [32mDEBUG[0;39m [35m3728[0;39m [2m---[0;39m [2m[ctor-tcp-nio-11][0;39m [36mo.mariadb.r2dbc.message.server.OkPacket [0;39m [2m:[0;39m System variable change :  autocommit = ON 
2026-01-20 15:38:26 | [2m2026-01-20T15:38:26.451+07:00[0;39m [32mDEBUG[0;39m [35m3728[0;39m [2m---[0;39m [2m[ctor-tcp-nio-11][0;39m [36mo.m.r.message.flow.AuthenticationFlow   [0;39m [2m:[0;39m Authentication success 
